<?xml version="1.0" encoding="UTF-8"?>
<!-- Generated by org.testng.reporters.JUnitReportReporter -->
<testsuite skipped="0" hostname="DESKTOP-1462ASR" name="mvnPack.Screenshot_Demo" tests="1" failures="0" timestamp="2020-07-20T01:14:58 IST" time="17.066" errors="0">
  <testcase name="TestLogin" time="17.066" classname="mvnPack.Screenshot_Demo"/>
</testsuite> <!-- mvnPack.Screenshot_Demo -->
